<?xml version="1.0" encoding="UTF-8"?>
<robot generator="Robot 4.1.2 (Python 3.10.1 on win32)" generated="20211213 17:22:27.520" rpa="false" schemaversion="2">
<suite id="s1" name="Tests" source="D:\School\STSWENG\robot-exercise\tests">
<suite id="s1-s1" name="Login-Tests" source="D:\School\STSWENG\robot-exercise\tests\login-tests.robot">
<test id="s1-s1-t1" name="Successful Login">
<kw name="Open To Login Page" library="resources">
<kw name="Open Browser" library="SeleniumLibrary">
<arg>${URL}</arg>
<arg>${BROWSER}</arg>
<doc>Opens a new browser instance to the optional ``url``.</doc>
<msg timestamp="20211213 17:22:27.753" level="INFO">Opening browser 'chrome' to base url 'https://www.saucedemo.com/'.</msg>
<status status="PASS" starttime="20211213 17:22:27.753" endtime="20211213 17:22:29.582"/>
</kw>
<kw name="Maximize Browser Window" library="SeleniumLibrary">
<doc>Maximizes current browser window.</doc>
<status status="PASS" starttime="20211213 17:22:29.582" endtime="20211213 17:22:29.702"/>
</kw>
<kw name="Set Selenium Speed" library="SeleniumLibrary">
<arg>${DELAY}</arg>
<doc>Sets the delay that is waited after each Selenium command.</doc>
<status status="PASS" starttime="20211213 17:22:29.703" endtime="20211213 17:22:29.703"/>
</kw>
<kw name="Verify Login Page" library="resources">
<kw name="Page Should Contain Element" library="SeleniumLibrary">
<arg>login-button</arg>
<doc>Verifies that element ``locator`` is found on the current page.</doc>
<msg timestamp="20211213 17:22:29.715" level="INFO">Current page contains element 'login-button'.</msg>
<status status="PASS" starttime="20211213 17:22:29.703" endtime="20211213 17:22:29.715"/>
</kw>
<status status="PASS" starttime="20211213 17:22:29.703" endtime="20211213 17:22:29.715"/>
</kw>
<status status="PASS" starttime="20211213 17:22:27.753" endtime="20211213 17:22:29.715"/>
</kw>
<kw name="Input Username" library="resources">
<arg>${VALID USER}</arg>
<kw name="Input Text" library="SeleniumLibrary">
<arg>user-name</arg>
<arg>${username}</arg>
<doc>Types the given ``text`` into the text field identified by ``locator``.</doc>
<msg timestamp="20211213 17:22:29.716" level="INFO">Typing text 'standard_user' into text field 'user-name'.</msg>
<status status="PASS" starttime="20211213 17:22:29.716" endtime="20211213 17:22:29.808"/>
</kw>
<status status="PASS" starttime="20211213 17:22:29.716" endtime="20211213 17:22:29.808"/>
</kw>
<kw name="Input User Password" library="resources">
<kw name="Input Password" library="SeleniumLibrary">
<arg>password</arg>
<arg>${PASSWORD}</arg>
<doc>Types the given password into the text field identified by ``locator``.</doc>
<msg timestamp="20211213 17:22:29.809" level="INFO">Typing password into text field 'password'.</msg>
<msg timestamp="20211213 17:22:29.840" level="INFO">Temporally setting log level to: NONE</msg>
<msg timestamp="20211213 17:22:29.878" level="INFO">Log level changed from NONE to INFO.</msg>
<status status="PASS" starttime="20211213 17:22:29.809" endtime="20211213 17:22:29.878"/>
</kw>
<status status="PASS" starttime="20211213 17:22:29.809" endtime="20211213 17:22:29.878"/>
</kw>
<kw name="Attempt Login" library="resources">
<kw name="Click Button" library="SeleniumLibrary">
<arg>login-button</arg>
<doc>Clicks the button identified by ``locator``.</doc>
<msg timestamp="20211213 17:22:29.879" level="INFO">Clicking button 'login-button'.</msg>
<status status="PASS" starttime="20211213 17:22:29.879" endtime="20211213 17:22:29.963"/>
</kw>
<status status="PASS" starttime="20211213 17:22:29.878" endtime="20211213 17:22:29.964"/>
</kw>
<kw name="Verify Product Page" library="resources">
<kw name="Element Text Should Be" library="SeleniumLibrary">
<arg>class:title</arg>
<arg>PRODUCTS</arg>
<doc>Verifies that element ``locator`` contains exact the text ``expected``.</doc>
<msg timestamp="20211213 17:22:29.965" level="INFO">Verifying element 'class:title' contains exact text 'PRODUCTS'.</msg>
<status status="PASS" starttime="20211213 17:22:29.964" endtime="20211213 17:22:29.986"/>
</kw>
<status status="PASS" starttime="20211213 17:22:29.964" endtime="20211213 17:22:29.986"/>
</kw>
<kw name="Close Browser" library="SeleniumLibrary">
<doc>Closes the current browser.</doc>
<status status="PASS" starttime="20211213 17:22:29.986" endtime="20211213 17:22:32.110"/>
</kw>
<kw name="Close Browser" library="SeleniumLibrary" type="TEARDOWN">
<doc>Closes the current browser.</doc>
<status status="PASS" starttime="20211213 17:22:32.113" endtime="20211213 17:22:32.113"/>
</kw>
<status status="PASS" starttime="20211213 17:22:27.752" endtime="20211213 17:22:32.114"/>
</test>
<doc>Test File for testing User Logins</doc>
<status status="PASS" starttime="20211213 17:22:27.544" endtime="20211213 17:22:32.121"/>
</suite>
<status status="PASS" starttime="20211213 17:22:27.521" endtime="20211213 17:22:32.131"/>
</suite>
<statistics>
<total>
<stat pass="1" fail="0" skip="0">All Tests</stat>
</total>
<tag>
</tag>
<suite>
<stat pass="1" fail="0" skip="0" id="s1" name="Tests">Tests</stat>
<stat pass="1" fail="0" skip="0" id="s1-s1" name="Login-Tests">Tests.Login-Tests</stat>
</suite>
</statistics>
<errors>
</errors>
</robot>
